CRITICAL - 2025-11-03 11:32:25 --> Invalid file: errors/maintenance.php
in SYSTEMPATH\Exceptions\FrameworkException.php on line 33.
 1 SYSTEMPATH\View\View.php(201): CodeIgniter\Exceptions\FrameworkException::forInvalidFile('errors/maintenance.php')
 2 SYSTEMPATH\Common.php(1135): CodeIgniter\View\View->render('errors/maintenance', [], true)
 3 APPPATH\Controllers\Main.php(47): view('errors/maintenance')
 4 SYSTEMPATH\CodeIgniter.php(858): App\Controllers\Main->__construct()
 5 SYSTEMPATH\CodeIgniter.php(457): CodeIgniter\CodeIgniter->createController()
 6 SYSTEMPATH\CodeIgniter.php(349): CodeIgniter\CodeIgniter->handleRequest(null, Object(Config\Cache), false)
 7 FCPATH\index.php(55): CodeIgniter\CodeIgniter->run()
CRITICAL - 2025-11-03 11:32:28 --> Invalid file: errors/maintenance.php
in SYSTEMPATH\Exceptions\FrameworkException.php on line 33.
 1 SYSTEMPATH\View\View.php(201): CodeIgniter\Exceptions\FrameworkException::forInvalidFile('errors/maintenance.php')
 2 SYSTEMPATH\Common.php(1135): CodeIgniter\View\View->render('errors/maintenance', [], true)
 3 APPPATH\Controllers\Main.php(47): view('errors/maintenance')
 4 SYSTEMPATH\CodeIgniter.php(858): App\Controllers\Main->__construct()
 5 SYSTEMPATH\CodeIgniter.php(457): CodeIgniter\CodeIgniter->createController()
 6 SYSTEMPATH\CodeIgniter.php(349): CodeIgniter\CodeIgniter->handleRequest(null, Object(Config\Cache), false)
 7 FCPATH\index.php(55): CodeIgniter\CodeIgniter->run()
CRITICAL - 2025-11-03 13:04:57 --> Invalid file: pages/applicants/add.php
in SYSTEMPATH\Exceptions\FrameworkException.php on line 33.
 1 SYSTEMPATH\View\View.php(201): CodeIgniter\Exceptions\FrameworkException::forInvalidFile('pages/applicants/add.php')
 2 SYSTEMPATH\Common.php(1135): CodeIgniter\View\View->render('pages/applicants/add', [], true)
 3 APPPATH\Controllers\Main.php(432): view('pages/applicants/add', [...])
 4 SYSTEMPATH\CodeIgniter.php(896): App\Controllers\Main->applicant_add()
 5 SYSTEMPATH\CodeIgniter.php(466): CodeIgniter\CodeIgniter->runController(Object(App\Controllers\Main))
 6 SYSTEMPATH\CodeIgniter.php(349): CodeIgniter\CodeIgniter->handleRequest(null, Object(Config\Cache), false)
 7 FCPATH\index.php(55): CodeIgniter\CodeIgniter->run()
CRITICAL - 2025-11-03 14:00:20 --> Class "App\Models\NetworkLogModel" not found
in APPPATH\Controllers\Main.php on line 503.
 1 SYSTEMPATH\CodeIgniter.php(896): App\Controllers\Main->network_logs()
 2 SYSTEMPATH\CodeIgniter.php(466): CodeIgniter\CodeIgniter->runController(Object(App\Controllers\Main))
 3 SYSTEMPATH\CodeIgniter.php(349): CodeIgniter\CodeIgniter->handleRequest(null, Object(Config\Cache), false)
 4 FCPATH\index.php(55): CodeIgniter\CodeIgniter->run()
CRITICAL - 2025-11-03 14:03:03 --> Class "App\Models\NetworkLogModel" not found
in APPPATH\Controllers\Main.php on line 504.
 1 SYSTEMPATH\CodeIgniter.php(896): App\Controllers\Main->network_logs()
 2 SYSTEMPATH\CodeIgniter.php(466): CodeIgniter\CodeIgniter->runController(Object(App\Controllers\Main))
 3 SYSTEMPATH\CodeIgniter.php(349): CodeIgniter\CodeIgniter->handleRequest(null, Object(Config\Cache), false)
 4 FCPATH\index.php(55): CodeIgniter\CodeIgniter->run()
ERROR - 2025-11-03 14:03:54 --> Unknown column 'users.fullname' in 'field list'
CRITICAL - 2025-11-03 14:03:54 --> Unknown column 'users.fullname' in 'field list'
in SYSTEMPATH\Database\MySQLi\Connection.php on line 292.
 1 SYSTEMPATH\Database\MySQLi\Connection.php(292): mysqli->query('SELECT `network_logs`.*, `users`.`fullname` as `user_name`
FROM `network_logs`
LEFT JOIN `users` ON `users`.`id` = `network_logs`.`user_id`
ORDER BY `network_logs`.`id` DESC', 0)
 2 SYSTEMPATH\Database\BaseConnection.php(695): CodeIgniter\Database\MySQLi\Connection->execute('SELECT `network_logs`.*, `users`.`fullname` as `user_name`
FROM `network_logs`
LEFT JOIN `users` ON `users`.`id` = `network_logs`.`user_id`
ORDER BY `network_logs`.`id` DESC')
 3 SYSTEMPATH\Database\BaseConnection.php(609): CodeIgniter\Database\BaseConnection->simpleQuery('SELECT `network_logs`.*, `users`.`fullname` as `user_name`
FROM `network_logs`
LEFT JOIN `users` ON `users`.`id` = `network_logs`.`user_id`
ORDER BY `network_logs`.`id` DESC')
 4 SYSTEMPATH\Database\BaseBuilder.php(1585): CodeIgniter\Database\BaseConnection->query('SELECT `network_logs`.*, `users`.`fullname` as `user_name`
FROM `network_logs`
LEFT JOIN `users` ON `users`.`id` = `network_logs`.`user_id`
ORDER BY `network_logs`.`id` DESC', [], false)
 5 SYSTEMPATH\Model.php(222): CodeIgniter\Database\BaseBuilder->get()
 6 SYSTEMPATH\BaseModel.php(584): CodeIgniter\Model->doFindAll(0, 0)
 7 APPPATH\Controllers\Main.php(510): CodeIgniter\BaseModel->findAll()
 8 SYSTEMPATH\CodeIgniter.php(896): App\Controllers\Main->network_logs()
 9 SYSTEMPATH\CodeIgniter.php(466): CodeIgniter\CodeIgniter->runController(Object(App\Controllers\Main))
10 SYSTEMPATH\CodeIgniter.php(349): CodeIgniter\CodeIgniter->handleRequest(null, Object(Config\Cache), false)
11 FCPATH\index.php(55): CodeIgniter\CodeIgniter->run()
CRITICAL - 2025-11-03 14:08:05 --> Invalid file: admin/network_logs.php
in SYSTEMPATH\Exceptions\FrameworkException.php on line 33.
 1 SYSTEMPATH\View\View.php(201): CodeIgniter\Exceptions\FrameworkException::forInvalidFile('admin/network_logs.php')
 2 SYSTEMPATH\Common.php(1135): CodeIgniter\View\View->render('admin/network_logs', [], true)
 3 APPPATH\Controllers\Main.php(513): view('admin/network_logs', [...])
 4 SYSTEMPATH\CodeIgniter.php(896): App\Controllers\Main->network_logs()
 5 SYSTEMPATH\CodeIgniter.php(466): CodeIgniter\CodeIgniter->runController(Object(App\Controllers\Main))
 6 SYSTEMPATH\CodeIgniter.php(349): CodeIgniter\CodeIgniter->handleRequest(null, Object(Config\Cache), false)
 7 FCPATH\index.php(55): CodeIgniter\CodeIgniter->run()
CRITICAL - 2025-11-03 14:10:07 --> Invalid file: admin/network_logs.php
in SYSTEMPATH\Exceptions\FrameworkException.php on line 33.
 1 SYSTEMPATH\View\View.php(201): CodeIgniter\Exceptions\FrameworkException::forInvalidFile('admin/network_logs.php')
 2 SYSTEMPATH\Common.php(1135): CodeIgniter\View\View->render('admin/network_logs', [], true)
 3 APPPATH\Controllers\Main.php(513): view('admin/network_logs', [...])
 4 SYSTEMPATH\CodeIgniter.php(896): App\Controllers\Main->network_logs()
 5 SYSTEMPATH\CodeIgniter.php(466): CodeIgniter\CodeIgniter->runController(Object(App\Controllers\Main))
 6 SYSTEMPATH\CodeIgniter.php(349): CodeIgniter\CodeIgniter->handleRequest(null, Object(Config\Cache), false)
 7 FCPATH\index.php(55): CodeIgniter\CodeIgniter->run()
CRITICAL - 2025-11-03 14:13:48 --> Cannot redeclare App\Controllers\Main::getMacAddress()
in APPPATH\Controllers\Main.php on line 515.
 1 [internal function]: CodeIgniter\Debug\Exceptions->shutdownHandler()
